[0527/225955.115036:VERBOSE1:pref_proxy_config_tracker_impl.cc(151)] 0x7fe5ad82c200: set chrome proxy config service to 0x7fe5ad875f50
[0527/225955.115142:VERBOSE1:pref_proxy_config_tracker_impl.cc(278)] 0x7fe5ad82c200: Done pushing proxy to UpdateProxyConfig
[0527/225955.115737:VERBOSE1:webrtc_internals.cc(100)] Could not get the download directory.
[0527/225955.116134:VERBOSE1:multi_log_ct_verifier.cc(75)] Adding CT log: Google 'Pilot' log
[0527/225955.116158:VERBOSE1:multi_log_ct_verifier.cc(75)] Adding CT log: Google 'Aviator' log
[0527/225955.116168:VERBOSE1:multi_log_ct_verifier.cc(75)] Adding CT log: DigiCert Log Server
[0527/225955.116178:VERBOSE1:multi_log_ct_verifier.cc(75)] Adding CT log: Google 'Rocketeer' log
[0527/225955.116186:VERBOSE1:multi_log_ct_verifier.cc(75)] Adding CT log: Symantec log
[0527/225955.116194:VERBOSE1:multi_log_ct_verifier.cc(75)] Adding CT log: Venafi log
[0527/225955.116226:VERBOSE1:multi_log_ct_verifier.cc(75)] Adding CT log: Symantec 'Vega' log
[0527/225955.116248:VERBOSE1:multi_log_ct_verifier.cc(75)] Adding CT log: CNNIC CT log
[0527/225955.116274:VERBOSE1:multi_log_ct_verifier.cc(75)] Adding CT log: WoSign log
[0527/225955.116301:VERBOSE1:multi_log_ct_verifier.cc(75)] Adding CT log: StartCom CT log
[0527/225955.116320:VERBOSE1:multi_log_ct_verifier.cc(75)] Adding CT log: Google 'Skydiver' log
[0527/225955.116335:VERBOSE1:multi_log_ct_verifier.cc(75)] Adding CT log: Google 'Icarus' log
[0527/225955.116349:VERBOSE1:multi_log_ct_verifier.cc(75)] Adding CT log: PuChuangSiDa CT Log 1
[0527/225955.116377:VERBOSE1:multi_log_ct_verifier.cc(75)] Adding CT log: Izenpe log
[0527/225955.116402:VERBOSE1:multi_log_ct_verifier.cc(75)] Adding CT log: Certly.IO log
[0527/225955.171908:INFO:cpu_info.cc(50)] Available number of cores: 8
[0527/225955.217593:VERBOSE1:gles2_cmd_decoder.cc(3340)] GL_EXT_packed_depth_stencil supported.
[0527/225955.226889:VERBOSE1:gles2_cmd_decoder.cc(3340)] GL_EXT_packed_depth_stencil supported.
[0527/225955.230689:VERBOSE1:gles2_cmd_decoder.cc(3340)] GL_EXT_packed_depth_stencil supported.
[0527/225955.478224:VERBOSE1:script_context.cc(111)] Created context:
  extension id:           (none)
  frame:                  0x2c26a7b41d10
  URL:                    
  context_type:           WEB_PAGE
  effective extension id: (none)
  effective context type: WEB_PAGE
[0527/225955.478790:VERBOSE1:script_context.cc(111)] Created context:
  extension id:           (none)
  frame:                  0x0
  URL:                    
  context_type:           UNSPECIFIED
  effective extension id: (none)
  effective context type: UNSPECIFIED
[0527/225955.479075:VERBOSE1:dispatcher.cc(391)] Num tracked contexts: 1
[0527/230043.337359:VERBOSE1:statistics_recorder.cc(526)] Collections of all histograms
Histogram: Accessibility.InvertedColors recorded 1 samples, mean = 0.0 (flags = 0x1)
0  ------------------------------------------------------------------------O (1 = 100.0%)
1  ... 

Histogram: Accessibility.Mac.DifferentiateWithoutColor recorded 1 samples, mean = 0.0 (flags = 0x1)
0  ------------------------------------------------------------------------O (1 = 100.0%)
1  ... 

Histogram: Accessibility.Mac.FullKeyboardAccessEnabled recorded 1 samples, mean = 0.0 (flags = 0x1)
0  ------------------------------------------------------------------------O (1 = 100.0%)
1  ... 

Histogram: Accessibility.Mac.IncreaseContrast recorded 1 samples, mean = 0.0 (flags = 0x1)
0  ------------------------------------------------------------------------O (1 = 100.0%)
1  ... 

Histogram: Accessibility.Mac.ReduceTransparency recorded 1 samples, mean = 0.0 (flags = 0x1)
0  ------------------------------------------------------------------------O (1 = 100.0%)
1  ... 

Histogram: Accessibility.ManuallyEnabled recorded 1 samples, mean = 0.0 (flags = 0x1)
0  ------------------------------------------------------------------------O (1 = 100.0%)
1  ... 

Histogram: Accessibility.State recorded 1 samples, mean = 0.0 (flags = 0x1)
0  ------------------------------------------------------------------------O (1 = 100.0%)
1  ... 

Histogram: AsyncDNS.ConfigChange recorded 1 samples, mean = 1.0 (flags = 0x1)
0  O                                                                         (0 = 0.0%)
1  ------------------------------------------------------------------------O (1 = 100.0%) {0.0%}
2  O                                                                         (0 = 0.0%) {100.0%}

Histogram: AsyncDNS.ConfigParseDuration recorded 1 samples, mean = 0.0 (flags = 0x1)
0  ------------------------------------------------------------------------O (1 = 100.0%)
1  ... 

Histogram: AsyncDNS.ConfigParsePosix recorded 1 samples, mean = 0.0 (flags = 0x1)
0  ------------------------------------------------------------------------O (1 = 100.0%)
1  ... 

Histogram: AsyncDNS.ConfigParseResult recorded 1 samples, mean = 1.0 (flags = 0x1)
0  O                                                                         (0 = 0.0%)
1  ------------------------------------------------------------------------O (1 = 100.0%) {0.0%}
2  O                                                                         (0 = 0.0%) {100.0%}

Histogram: AsyncDNS.HaveDnsConfig recorded 6 samples, mean = 1.0 (flags = 0x1)
0  O                                                                         (0 = 0.0%)
1  ------------------------------------------------------------------------O (6 = 100.0%) {0.0%}
2  O                                                                         (0 = 0.0%) {100.0%}

Histogram: AsyncDNS.HostParseResult recorded 1 samples, mean = 1.0 (flags = 0x1)
0  O                                                                         (0 = 0.0%)
1  ------------------------------------------------------------------------O (1 = 100.0%) {0.0%}
2  O                                                                         (0 = 0.0%) {100.0%}

Histogram: AsyncDNS.HostsChange recorded 1 samples, mean = 1.0 (flags = 0x1)
0  O                                                                         (0 = 0.0%)
1  ------------------------------------------------------------------------O (1 = 100.0%) {0.0%}
2  O                                                                         (0 = 0.0%) {100.0%}

Histogram: AsyncDNS.HostsParseDuration recorded 1 samples, mean = 0.0 (flags = 0x1)
0  ------------------------------------------------------------------------O (1 = 100.0%)
1  ... 

Histogram: AsyncDNS.HostsSize recorded 1 samples, mean = 236.0 (flags = 0x1)
0    ... 
196  ------------------------------------------------------------------------O (1 = 100.0%) {0.0%}
258  ... 

Histogram: AsyncDNS.WatchStatus recorded 1 samples, mean = 0.0 (flags = 0x1)
0  ------------------------------------------------------------------------O (1 = 100.0%)
1  ... 

Histogram: Aura.CreatedGpuBrowserCompositor recorded 1 samples, mean = 1.0 (flags = 0x1)
0  O                                                                         (0 = 0.0%)
1  ------------------------------------------------------------------------O (1 = 100.0%) {0.0%}
2  O                                                                         (0 = 0.0%) {100.0%}

Histogram: CertificateType2.BR.Intermediate.RSA recorded 3 samples, mean = 2048.0 (flags = 0x1)
0     ... 
2048  ------------------------------------------------------------------------O (3 = 100.0%) {0.0%}
2049  ... 

Histogram: CertificateType2.BR.Leaf.ECDSA recorded 2 samples, mean = 256.0 (flags = 0x1)
0    ... 
256  ------------------------------------------------------------------------O (2 = 100.0%) {0.0%}
257  ... 

Histogram: CertificateType2.BR.Leaf.RSA recorded 1 samples, mean = 2048.0 (flags = 0x1)
0     ... 
2048  ------------------------------------------------------------------------O (1 = 100.0%) {0.0%}
2049  ... 

Histogram: CertificateType2.BR.Root.RSA recorded 3 samples, mean = 2048.0 (flags = 0x1)
0     ... 
2048  ------------------------------------------------------------------------O (3 = 100.0%) {0.0%}
2049  ... 

Histogram: ChildProcessSecurityPolicy.PerChildFilePermissions recorded 1 samples, mean = 0.0 (flags = 0x1)
0  ------------------------------------------------------------------------O (1 = 100.0%)
1  ... 

Histogram: Compositing.Browser.LayerTreeImpl.CalculateDrawPropertiesUs recorded 1 samples, mean = 17.0 (flags = 0x1)
0   ... 
16  ------------------------------------------------------------------------O (1 = 100.0%) {0.0%}
21  ... 

Histogram: Compositing.Browser.LayersUpdateTime.0 recorded 1 samples, mean = 61.0 (flags = 0x1)
0   ... 
55  ------------------------------------------------------------------------O (1 = 100.0%) {0.0%}
76  ... 

Histogram: Compositing.Browser.NumActiveLayers recorded 1 samples, mean = 2.0 (flags = 0x1)
0  ... 
2  ------------------------------------------------------------------------O (1 = 100.0%) {0.0%}
3  ... 

Histogram: Compositing.Browser.NumRenderSurfaces recorded 1 samples, mean = 1.0 (flags = 0x1)
0  O                                                                         (0 = 0.0%)
1  ------------------------------------------------------------------------O (1 = 100.0%) {0.0%}
2  ... 

Histogram: Compositing.DirectRenderer.GL.DrawFrameUs recorded 66 samples, mean = 30.8 (flags = 0x1)
0   ... 
16  ----------O                                                               (5 = 7.6%) {0.0%}
21  ----------------------------------O                                       (17 = 25.8%) {7.6%}
28  ------------------------------------------------------------------------O (36 = 54.5%) {33.3%}
37  ------------O                                                             (6 = 9.1%) {87.9%}
49  O                                                                         (0 = 0.0%) {97.0%}
65  ----O                                                                     (2 = 3.0%) {97.0%}
86  ... 

Histogram: Compositing.Renderer.CALayerResult recorded 66 samples, mean = 0.0 (flags = 0x1)
0  ------------------------------------------------------------------------O (66 = 100.0%)
1  ... 

Histogram: Compositing.SurfaceAggregator.AggregateUs recorded 66 samples, mean = 31.8 (flags = 0x1)
0   ... 
16  ------O                                                                   (3 = 4.5%) {0.0%}
21  -------------------------------------O                                    (20 = 30.3%) {4.5%}
28  ------------------------------------------------------------------------O (39 = 59.1%) {34.8%}
37  ------O                                                                   (3 = 4.5%) {93.9%}
49  ... 
86  --O                                                                       (1 = 1.5%) {98.5%}
113 ... 

Histogram: ContentSettings.DefaultAutoplaySetting recorded 1 samples, mean = 1.0 (flags = 0x1)
0  O                                                                         (0 = 0.0%)
1  ------------------------------------------------------------------------O (1 = 100.0%) {0.0%}
2  ... 

Histogram: ContentSettings.DefaultCookiesSetting recorded 1 samples, mean = 1.0 (flags = 0x1)
0  O                                                                         (0 = 0.0%)
1  ------------------------------------------------------------------------O (1 = 100.0%) {0.0%}
2  ... 

Histogram: ContentSettings.DefaultImagesSetting recorded 1 samples, mean = 1.0 (flags = 0x1)
0  O                                                                         (0 = 0.0%)
1  ------------------------------------------------------------------------O (1 = 100.0%) {0.0%}
2  ... 

Histogram: ContentSettings.DefaultJavaScriptSetting recorded 1 samples, mean = 1.0 (flags = 0x1)
0  O                                                                         (0 = 0.0%)
1  ------------------------------------------------------------------------O (1 = 100.0%) {0.0%}
2  ... 

Histogram: ContentSettings.DefaultLocationSetting recorded 1 samples, mean = 3.0 (flags = 0x1)
0  ... 
3  ------------------------------------------------------------------------O (1 = 100.0%) {0.0%}
4  ... 

Histogram: ContentSettings.DefaultMIDISysExSetting recorded 1 samples, mean = 3.0 (flags = 0x1)
0  ... 
3  ------------------------------------------------------------------------O (1 = 100.0%) {0.0%}
4  ... 

Histogram: ContentSettings.DefaultMediaStreamCameraSetting recorded 1 samples, mean = 3.0 (flags = 0x1)
0  ... 
3  ------------------------------------------------------------------------O (1 = 100.0%) {0.0%}
4  ... 

Histogram: ContentSettings.DefaultMediaStreamMicSetting recorded 1 samples, mean = 3.0 (flags = 0x1)
0  ... 
3  ------------------------------------------------------------------------O (1 = 100.0%) {0.0%}
4  ... 

Histogram: ContentSettings.DefaultNotificationsSetting recorded 1 samples, mean = 3.0 (flags = 0x1)
0  ... 
3  ------------------------------------------------------------------------O (1 = 100.0%) {0.0%}
4  ... 

Histogram: ContentSettings.DefaultPluginsSetting recorded 1 samples, mean = 5.0 (flags = 0x1)
0  ... 
5  ------------------------------------------------------------------------O (1 = 100.0%) {0.0%}
6  O                                                                         (0 = 0.0%) {100.0%}

Histogram: ContentSettings.DefaultPopupsSetting recorded 1 samples, mean = 2.0 (flags = 0x1)
0  ... 
2  ------------------------------------------------------------------------O (1 = 100.0%) {0.0%}
3  ... 

Histogram: ContentSettings.DefaultWebBluetoothGuardSetting recorded 1 samples, mean = 3.0 (flags = 0x1)
0  ... 
3  ------------------------------------------------------------------------O (1 = 100.0%) {0.0%}
4  ... 

Histogram: ContentSettings.Exceptions.app-banner recorded 1 samples, mean = 0.0 (flags = 0x1)
0  ------------------------------------------------------------------------O (1 = 100.0%)
1  ... 

Histogram: ContentSettings.Exceptions.auto-select-certificate recorded 1 samples, mean = 0.0 (flags = 0x1)
0  ------------------------------------------------------------------------O (1 = 100.0%)
1  ... 

Histogram: ContentSettings.Exceptions.automatic-downloads recorded 1 samples, mean = 0.0 (flags = 0x1)
0  ------------------------------------------------------------------------O (1 = 100.0%)
1  ... 

Histogram: ContentSettings.Exceptions.autoplay recorded 1 samples, mean = 0.0 (flags = 0x1)
0  ------------------------------------------------------------------------O (1 = 100.0%)
1  ... 

Histogram: ContentSettings.Exceptions.background-sync recorded 1 samples, mean = 0.0 (flags = 0x1)
0  ------------------------------------------------------------------------O (1 = 100.0%)
1  ... 

Histogram: ContentSettings.Exceptions.bluetooth-guard recorded 1 samples, mean = 0.0 (flags = 0x1)
0  ------------------------------------------------------------------------O (1 = 100.0%)
1  ... 

Histogram: ContentSettings.Exceptions.cookies recorded 1 samples, mean = 0.0 (flags = 0x1)
0  ------------------------------------------------------------------------O (1 = 100.0%)
1  ... 

Histogram: ContentSettings.Exceptions.durable-storage recorded 1 samples, mean = 0.0 (flags = 0x1)
0  ------------------------------------------------------------------------O (1 = 100.0%)
1  ... 

Histogram: ContentSettings.Exceptions.geolocation recorded 1 samples, mean = 0.0 (flags = 0x1)
0  ------------------------------------------------------------------------O (1 = 100.0%)
1  ... 

Histogram: ContentSettings.Exceptions.images recorded 1 samples, mean = 0.0 (flags = 0x1)
0  ------------------------------------------------------------------------O (1 = 100.0%)
1  ... 

Histogram: ContentSettings.Exceptions.important-site-info recorded 1 samples, mean = 0.0 (flags = 0x1)
0  ------------------------------------------------------------------------O (1 = 100.0%)
1  ... 

Histogram: ContentSettings.Exceptions.javascript recorded 1 samples, mean = 0.0 (flags = 0x1)
0  ------------------------------------------------------------------------O (1 = 100.0%)
1  ... 

Histogram: ContentSettings.Exceptions.media-stream-camera recorded 1 samples, mean = 0.0 (flags = 0x1)
0  ------------------------------------------------------------------------O (1 = 100.0%)
1  ... 

Histogram: ContentSettings.Exceptions.media-stream-mic recorded 1 samples, mean = 0.0 (flags = 0x1)
0  ------------------------------------------------------------------------O (1 = 100.0%)
1  ... 

Histogram: ContentSettings.Exceptions.midi-sysex recorded 1 samples, mean = 0.0 (flags = 0x1)
0  ------------------------------------------------------------------------O (1 = 100.0%)
1  ... 

Histogram: ContentSettings.Exceptions.mixed-script recorded 1 samples, mean = 0.0 (flags = 0x1)
0  ------------------------------------------------------------------------O (1 = 100.0%)
1  ... 

Histogram: ContentSettings.Exceptions.notifications recorded 1 samples, mean = 0.0 (flags = 0x1)
0  ------------------------------------------------------------------------O (1 = 100.0%)
1  ... 

Histogram: ContentSettings.Exceptions.permission-autoblocking-data recorded 1 samples, mean = 0.0 (flags = 0x1)
0  ------------------------------------------------------------------------O (1 = 100.0%)
1  ... 

Histogram: ContentSettings.Exceptions.plugins recorded 1 samples, mean = 0.0 (flags = 0x1)
0  ------------------------------------------------------------------------O (1 = 100.0%)
1  ... 

Histogram: ContentSettings.Exceptions.popups recorded 1 samples, mean = 0.0 (flags = 0x1)
0  ------------------------------------------------------------------------O (1 = 100.0%)
1  ... 

Histogram: ContentSettings.Exceptions.ppapi-broker recorded 1 samples, mean = 0.0 (flags = 0x1)
0  ------------------------------------------------------------------------O (1 = 100.0%)
1  ... 

Histogram: ContentSettings.Exceptions.prompt-no-decision-count recorded 1 samples, mean = 0.0 (flags = 0x1)
0  ------------------------------------------------------------------------O (1 = 100.0%)
1  ... 

Histogram: ContentSettings.Exceptions.protocol-handler recorded 1 samples, mean = 0.0 (flags = 0x1)
0  ------------------------------------------------------------------------O (1 = 100.0%)
1  ... 

Histogram: ContentSettings.Exceptions.site-engagement recorded 1 samples, mean = 0.0 (flags = 0x1)
0  ------------------------------------------------------------------------O (1 = 100.0%)
1  ... 

Histogram: ContentSettings.Exceptions.ssl-cert-decisions recorded 1 samples, mean = 0.0 (flags = 0x1)
0  ------------------------------------------------------------------------O (1 = 100.0%)
1  ... 

Histogram: ContentSettings.Exceptions.subresource-filter recorded 1 samples, mean = 0.0 (flags = 0x1)
0  ------------------------------------------------------------------------O (1 = 100.0%)
1  ... 

Histogram: ContentSettings.Exceptions.usb-chooser-data recorded 1 samples, mean = 0.0 (flags = 0x1)
0  ------------------------------------------------------------------------O (1 = 100.0%)
1  ... 

Histogram: ContentSettings.NumberOfAllowCookiesExceptions recorded 1 samples, mean = 0.0 (flags = 0x1)
0  ------------------------------------------------------------------------O (1 = 100.0%)
1  ... 

Histogram: ContentSettings.NumberOfBlockCookiesExceptions recorded 1 samples, mean = 0.0 (flags = 0x1)
0  ------------------------------------------------------------------------O (1 = 100.0%)
1  ... 

Histogram: ContentSettings.NumberOfExceptions recorded 1 samples, mean = 0.0 (flags = 0x1)
0  ------------------------------------------------------------------------O (1 = 100.0%)
1  ... 

Histogram: ContentSettings.NumberOfSessionOnlyCookiesExceptions recorded 1 samples, mean = 0.0 (flags = 0x1)
0  ------------------------------------------------------------------------O (1 = 100.0%)
1  ... 

Histogram: Cookie.CookieDeleteEquivalent recorded 5 samples, mean = 0.2 (flags = 0x1)
0  ------------------------------------------------------------------------O (4 = 80.0%)
1  ------------------O                                                       (1 = 20.0%) {80.0%}
2  ... 

Histogram: Cookie.CookieLineCookieValueValidity recorded 4 samples, mean = 1.0 (flags = 0x1)
0  O                                                                         (0 = 0.0%)
1  ------------------------------------------------------------------------O (4 = 100.0%) {0.0%}
2  O                                                                         (0 = 0.0%) {100.0%}

Histogram: Cookie.CookiePrefix recorded 4 samples, mean = 0.0 (flags = 0x1)
0  ------------------------------------------------------------------------O (4 = 100.0%)
1  ... 

Histogram: Cookie.CookieSourceScheme recorded 4 samples, mean = 2.5 (flags = 0x1)
0  ... 
2  ------------------------------------------------------------------------O (2 = 50.0%) {0.0%}
3  O                                                                         (2 = 50.0%) {50.0%}

Histogram: Cookie.Count recorded 0 samples (flags = 0x1)
0 ... 

Histogram: Cookie.DeletionCause recorded 1 samples, mean = 1.0 (flags = 0x1)
0  O                                                                         (0 = 0.0%)
1  ------------------------------------------------------------------------O (1 = 100.0%) {0.0%}
2  ... 

Histogram: Cookie.EvictedLastAccessMinutes recorded 0 samples (flags = 0x1)
0 ... 

Histogram: Cookie.ExpirationDurationMinutes recorded 4 samples, mean = 2905965.0 (flags = 0x1)
0        ... 
229814   ------------------------------------------------------------------------O (3 = 75.0%) {0.0%}
314271   ... 
5256000  ------------------------O                                                 (1 = 25.0%) {75.0%}

Histogram: Cookie.TimeBlockedOnLoad recorded 0 samples (flags = 0x1)
0 ... 

Histogram: Cookie.Type recorded 4 samples, mean = 1.5 (flags = 0x1)
0  ------------------------O                                                 (1 = 25.0%)
1  O                                                                         (0 = 0.0%) {25.0%}
2  ------------------------------------------------------------------------O (3 = 75.0%) {25.0%}
3  ... 

Histogram: DNS.AttemptDiscarded recorded 6 samples, mean = 1.0 (flags = 0x1)
0  O                                                                         (0 = 0.0%)
1  ------------------------------------------------------------------------O (6 = 100.0%) {0.0%}
2  ... 

Histogram: DNS.AttemptSuccess recorded 6 samples, mean = 1.0 (flags = 0x1)
0  O                                                                         (0 = 0.0%)
1  ------------------------------------------------------------------------O (6 = 100.0%) {0.0%}
2  ... 

Histogram: DNS.AttemptSuccessDuration recorded 6 samples, mean = 10.3 (flags = 0x1)
0   ... 
8   ------------------------O                                                 (1 = 16.7%) {0.0%}
9   ------------------------------------------------------------------------O (3 = 50.0%) {16.7%}
10  ------------O                                                             (1 = 16.7%) {66.7%}
12  ... 
16  ------------O                                                             (1 = 16.7%) {83.3%}
18  ... 

Histogram: DNS.AttemptTimeSavedByRetry recorded 6 samples, mean = 3877236.2 (flags = 0x1)
0        ... 
3600000  ------------------------------------------------------------------------O (6 = 100.0%) {0.0%}

Histogram: DNS.EmptyAddressListAndNoError recorded 6 samples, mean = 0.0 (flags = 0x1)
0  ------------------------------------------------------------------------O (6 = 100.0%)
1  ... 

Histogram: DNS.HostCache.Erase recorded 6 samples, mean = 2.0 (flags = 0x1)
0  ... 
2  ------------------------------------------------------------------------O (6 = 100.0%) {0.0%}
3  O                                                                         (0 = 0.0%) {100.0%}

Histogram: DNS.HostCache.EraseValid.ValidFor recorded 6 samples, mean = 12220.3 (flags = 0x1)
0      ... 
11230  ------------------------------------------------------------------------O (6 = 100.0%) {0.0%}
15215  ... 

Histogram: DNS.HostCache.Lookup recorded 22 samples, mean = 0.9 (flags = 0x1)
0  ------------------------------------------------------------------------O (12 = 54.5%)
1  O                                                                         (0 = 0.0%) {54.5%}
2  ------------------------------------------------------------O             (10 = 45.5%) {54.5%}
3  ... 

Histogram: DNS.HostCache.Set recorded 6 samples, mean = 0.0 (flags = 0x1)
0  ------------------------------------------------------------------------O (6 = 100.0%)
1  ... 

Histogram: DNS.JobQueueTime recorded 6 samples, mean = 0.0 (flags = 0x1)
0  ------------------------------------------------------------------------O (6 = 100.0%)
1  ... 

Histogram: DNS.JobQueueTimeAfterChange recorded 6 samples, mean = 0.0 (flags = 0x1)
0  ------------------------------------------------------------------------O (6 = 100.0%)
1  ... 

Histogram: DNS.JobQueueTimeAfterChange_HIGHEST recorded 2 samples, mean = 0.0 (flags = 0x1)
0  ------------------------------------------------------------------------O (2 = 100.0%)
1  ... 

Histogram: DNS.JobQueueTimeAfterChange_LOWEST recorded 4 samples, mean = 0.0 (flags = 0x1)
0  ------------------------------------------------------------------------O (4 = 100.0%)
1  ... 

Histogram: DNS.JobQueueTime_HIGHEST recorded 2 samples, mean = 0.0 (flags = 0x1)
0  ------------------------------------------------------------------------O (2 = 100.0%)
1  ... 

Histogram: DNS.JobQueueTime_LOWEST recorded 4 samples, mean = 0.0 (flags = 0x1)
0  ------------------------------------------------------------------------O (4 = 100.0%)
1  ... 

Histogram: DNS.ResolveCategory recorded 6 samples, mean = 0.0 (flags = 0x1)
0  ------------------------------------------------------------------------O (6 = 100.0%)
1  ... 

Histogram: DNS.ResolveSuccess recorded 6 samples, mean = 10.3 (flags = 0x1)
0   ... 
8   ------------------------O                                                 (1 = 16.7%) {0.0%}
9   ------------------------------------------------------------------------O (3 = 50.0%) {16.7%}
10  ------------O                                                             (1 = 16.7%) {66.7%}
12  ... 
16  ------------O                                                             (1 = 16.7%) {83.3%}
18  ... 

Histogram: DNS.ResolveSuccess_FAMILY_IPV4 recorded 6 samples, mean = 10.3 (flags = 0x1)
0   ... 
8   ------------------------O                                                 (1 = 16.7%) {0.0%}
9   ------------------------------------------------------------------------O (3 = 50.0%) {16.7%}
10  ------------O                                                             (1 = 16.7%) {66.7%}
12  ... 
16  ------------O                                                             (1 = 16.7%) {83.3%}
18  ... 

Histogram: DNS.TotalTime recorded 8 samples, mean = 7.8 (flags = 0x1)
0   ------------------------------------------------O                         (2 = 25.0%)
1   ... 
8   ------------------------O                                                 (1 = 12.5%) {25.0%}
9   ------------------------------------------------------------------------O (3 = 37.5%) {37.5%}
10  ------------O                                                             (1 = 12.5%) {75.0%}
12  ... 
16  ------------O                                                             (1 = 12.5%) {87.5%}
18  ... 

Histogram: DomainBoundCerts.Support recorded 3 samples, mean = 5.0 (flags = 0x1)
0  ... 
5  ------------------------------------------------------------------------O (3 = 100.0%) {0.0%}
6  O                                                                         (0 = 0.0%) {100.0%}

Histogram: Extensions.ExtensionCreationTime.BrowserProcess recorded 1 samples, mean = 579.0 (flags = 0x1)
0    ... 
502  ------------------------------------------------------------------------O (1 = 100.0%) {0.0%}
586  ... 

Histogram: Extensions.FeatureProviderStaticInitTime recorded 1 samples, mean = 0.0 (flags = 0x1)
0  ------------------------------------------------------------------------O (1 = 100.0%)
1  ... 

Histogram: GPU.AtExitSurfaceCount recorded 1 samples, mean = 0.0 (flags = 0x1)
0  ------------------------------------------------------------------------O (1 = 100.0%)
1  ... 

Histogram: GPU.BlacklistFeatureTestResults.Accelerated2dCanvas recorded 2 samples, mean = 0.0 (flags = 0x1)
0  ------------------------------------------------------------------------O (2 = 100.0%)
1  ... 

Histogram: GPU.BlacklistFeatureTestResults.GpuCompositing recorded 2 samples, mean = 0.0 (flags = 0x1)
0  ------------------------------------------------------------------------O (2 = 100.0%)
1  ... 

Histogram: GPU.BlacklistFeatureTestResults.GpuRasterization recorded 2 samples, mean = 0.0 (flags = 0x1)
0  ------------------------------------------------------------------------O (2 = 100.0%)
1  ... 

Histogram: GPU.BlacklistFeatureTestResults.Webgl recorded 2 samples, mean = 0.0 (flags = 0x1)
0  ------------------------------------------------------------------------O (2 = 100.0%)
1  ... 

Histogram: GPU.BlacklistFeatureTestResults.Webgl2 recorded 2 samples, mean = 2.0 (flags = 0x1)
0  ... 
2  ------------------------------------------------------------------------O (2 = 100.0%) {0.0%}
3  ... 

Histogram: GPU.BlacklistTestResultsPerEntry recorded 2 samples, mean = 0.0 (flags = 0x1)
0  ------------------------------------------------------------------------O (2 = 100.0%)
1  ... 

Histogram: GPU.CreateBrowserCompositor recorded 1 samples, mean = 0.0 (flags = 0x1)
0  ------------------------------------------------------------------------O (1 = 100.0%)
1  ... 

Histogram: GPU.GPUProcessInitialized recorded 1 samples, mean = 1.0 (flags = 0x1)
0  O                                                                         (0 = 0.0%)
1  ------------------------------------------------------------------------O (1 = 100.0%) {0.0%}
2  O                                                                         (0 = 0.0%) {100.0%}

Histogram: GPU.GPUProcessLaunchTime recorded 1 samples, mean = 1.0 (flags = 0x1)
0  O                                                                         (0 = 0.0%)
1  ------------------------------------------------------------------------O (1 = 100.0%) {0.0%}
2  ... 

Histogram: GPU.GPUProcessLifetimeEvents recorded 1 samples, mean = 0.0 (flags = 0x1)
0  ------------------------------------------------------------------------O (1 = 100.0%)
1  ... 

Histogram: GPU.GPUProcessSoftwareRendering recorded 1 samples, mean = 0.0 (flags = 0x1)
0  ------------------------------------------------------------------------O (1 = 100.0%)
1  ... 

Histogram: GPU.GPUProcessTerminationStatus recorded 1 samples, mean = 4.0 (flags = 0x1)
0  ... 
4  ------------------------------------------------------------------------O (1 = 100.0%) {0.0%}
5  ... 

Histogram: HttpCache.EntryLockWait recorded 19 samples, mean = 0.0 (flags = 0x1)
0  ------------------------------------------------------------------------O (19 = 100.0%)
1  ... 

Histogram: MPArch.ChildProcessLaunchFirst recorded 1 samples, mean = 1.0 (flags = 0x1)
0  O                                                                         (0 = 0.0%)
1  ------------------------------------------------------------------------O (1 = 100.0%) {0.0%}
2  ... 

Histogram: MPArch.ChildProcessLaunchSubsequent recorded 1 samples, mean = 0.0 (flags = 0x1)
0  ------------------------------------------------------------------------O (1 = 100.0%)
1  ... 

Histogram: MPArch.RWH_DidUpdateBackingStore recorded 1 samples, mean = 0.0 (flags = 0x1)
0  ------------------------------------------------------------------------O (1 = 100.0%)
1  ... 

Histogram: MPArch.RWH_OnMsgUpdateRect recorded 1 samples, mean = 0.0 (flags = 0x1)
0  ------------------------------------------------------------------------O (1 = 100.0%)
1  ... 

Histogram: Media.Midi.ResultOnShutdown recorded 1 samples, mean = 0.0 (flags = 0x1)
0  ------------------------------------------------------------------------O (1 = 100.0%)
1  ... 

Histogram: Media.Midi.Usage recorded 1 samples, mean = 0.0 (flags = 0x1)
0  ------------------------------------------------------------------------O (1 = 100.0%)
1  ... 

Histogram: Memory.PressureLevel recorded 5 samples, mean = 0.0 (flags = 0x1)
0  ------------------------------------------------------------------------O (5 = 100.0%)
1  ... 

Histogram: Mojo.MachPortRelay.BrokerError recorded 79 samples, mean = 0.0 (flags = 0x1)
0  ------------------------------------------------------------------------O (79 = 100.0%)
1  ... 

Histogram: Mojo.System.MessagesAcceptedPerEvent recorded 39 samples, mean = 8.4 (flags = 0x1)
0   ... 
4   ------------------------------------------------------------------------O (20 = 51.3%) {0.0%}
5   -------O                                                                  (2 = 5.1%) {51.3%}
6   ... 
8   ------------------------------------O                                     (10 = 25.6%) {56.4%}
9   ----O                                                                     (1 = 2.6%) {82.1%}
10  ... 
14  --O                                                                       (1 = 2.6%) {84.6%}
16  --O                                                                       (1 = 2.6%) {87.2%}
18  --O                                                                       (1 = 2.6%) {89.7%}
20  --O                                                                       (1 = 2.6%) {92.3%}
22  ... 
30  -O                                                                        (1 = 2.6%) {94.9%}
33  ... 
44  -O                                                                        (1 = 2.6%) {97.4%}
49  ... 

Histogram: Mojo.System.Node.ConnectedPeers recorded 3 samples, mean = 1.3 (flags = 0x1)
0  O                                                                         (0 = 0.0%)
1  ------------------------------------------------------------------------O (2 = 66.7%) {0.0%}
2  ------------------------------------O                                     (1 = 33.3%) {66.7%}
3  ... 

Histogram: Mojo.System.Node.PendingChildren recorded 3 samples, mean = 0.7 (flags = 0x1)
0  ------------------------------------O                                     (1 = 33.3%)
1  ------------------------------------------------------------------------O (2 = 66.7%) {33.3%}
2  ... 

Histogram: Navigation.FrameHasEmbeddedCredentials recorded 1 samples, mean = 0.0 (flags = 0x1)
0  ------------------------------------------------------------------------O (1 = 100.0%)
1  ... 

Histogram: Navigation.MainFrameHasEmbeddedCredentials recorded 1 samples, mean = 0.0 (flags = 0x1)
0  ------------------------------------------------------------------------O (1 = 100.0%)
1  ... 

Histogram: Navigation.RedirectChainSize recorded 1 samples, mean = 148.0 (flags = 0x1)
0    ... 
113  ------------------------------------------------------------------------O (1 = 100.0%) {0.0%}
149  ... 

Histogram: Navigation.TimeToCommit recorded 1 samples, mean = 331.0 (flags = 0x1)
0    ... 
318  ------------------------------------------------------------------------O (1 = 100.0%) {0.0%}
378  ... 

Histogram: Navigation.TimeToCommit_NewRenderer_BeforeUnloadDiscounted recorded 1 samples, mean = 331.0 (flags = 0x1)
0    ... 
318  ------------------------------------------------------------------------O (1 = 100.0%) {0.0%}
378  ... 

Histogram: Navigation.TimeToURLJobStart recorded 1 samples, mean = 52.0 (flags = 0x1)
0   ... 
48  ------------------------------------------------------------------------O (1 = 100.0%) {0.0%}
57  ... 

Histogram: Navigation.TimeToURLJobStart_NewRenderer_BeforeUnloadDiscounted recorded 1 samples, mean = 52.0 (flags = 0x1)
0   ... 
48  ------------------------------------------------------------------------O (1 = 100.0%) {0.0%}
57  ... 

Histogram: Net.AlternativeServiceTypeForRequest recorded 15 samples, mean = 0.0 (flags = 0x1)
0  ------------------------------------------------------------------------O (15 = 100.0%)
1  ... 

Histogram: Net.CertVerifier_First_Job_Latency recorded 1 samples, mean = 17.0 (flags = 0x1)
0   ... 
16  ------------------------------------------------------------------------O (1 = 100.0%) {0.0%}
18  ... 

Histogram: Net.CertVerifier_Job_Latency recorded 3 samples, mean = 6.3 (flags = 0x1)
0   O                                                                         (0 = 0.0%)
1   ------------------------------------------------------------------------O (2 = 66.7%) {0.0%}
2   ... 
16  ------------------O                                                       (1 = 33.3%) {66.7%}
18  ... 

Histogram: Net.Certificate.SHA1.MainFrame recorded 1 samples, mean = 0.0 (flags = 0x1)
0  ------------------------------------------------------------------------O (1 = 100.0%)
1  ... 

Histogram: Net.Certificate.SHA1.Subresource recorded 12 samples, mean = 0.0 (flags = 0x1)
0  ------------------------------------------------------------------------O (12 = 100.0%)
1  ... 

Histogram: Net.CertificateTransparency.MainFrameValidSCTCount recorded 1 samples, mean = 2.0 (flags = 0x1)
0  ... 
2  ------------------------------------------------------------------------O (1 = 100.0%) {0.0%}
3  ... 

Histogram: Net.CertificateTransparency.SCTOrigin recorded 6 samples, mean = 1.0 (flags = 0x1)
0  O                                                                         (0 = 0.0%)
1  ------------------------------------------------------------------------O (6 = 100.0%) {0.0%}
2  ... 

Histogram: Net.CertificateTransparency.SCTStatus recorded 6 samples, mean = 3.0 (flags = 0x1)
0  ... 
3  ------------------------------------------------------------------------O (6 = 100.0%) {0.0%}
4  ... 

Histogram: Net.CertificateTransparency.SCTsPerConnection recorded 3 samples, mean = 2.0 (flags = 0x1)
0  ... 
2  ------------------------------------------------------------------------O (3 = 100.0%) {0.0%}
3  ... 

Histogram: Net.ConnectionUsedSSLDeprecatedCipherFallback2 recorded 13 samples, mean = 0.0 (flags = 0x1)
0  ------------------------------------------------------------------------O (13 = 100.0%)
1  ... 

Histogram: Net.DNS_Resolution_And_TCP_Connection_Latency2 recorded 5 samples, mean = 24.8 (flags = 0x1)
0   ... 
16  ------------------------------------------------------O                   (1 = 20.0%) {0.0%}
18  ... 
23  ------------------------------------------------------------------------O (2 = 40.0%) {20.0%}
26  ------------------------------------O                                     (1 = 20.0%) {60.0%}
29  ---------------------------O                                              (1 = 20.0%) {80.0%}
33  ... 

Histogram: Net.ErrorCodesForImages recorded 8 samples (flags = 0x1)
0  ------------------------------------------------------------------------O (8 = 100.0%)

Histogram: Net.ErrorCodesForMainFrame3 recorded 1 samples (flags = 0x1)
0  ------------------------------------------------------------------------O (1 = 100.0%)

Histogram: Net.ErrorCodesForSubresources2 recorded 12 samples (flags = 0x1)
0  ------------------------------------------------------------------------O (12 = 100.0%)

Histogram: Net.Http2ResponseStatusHeader recorded 13 samples, mean = 2.0 (flags = 0x1)
0  ... 
2  ------------------------------------------------------------------------O (13 = 100.0%) {0.0%}
3  ... 

Histogram: Net.HttpAuthCacheLookupByPathPosition recorded 15 samples, mean = 0.0 (flags = 0x1)
0  ------------------------------------------------------------------------O (15 = 100.0%)
1  ... 

Histogram: Net.HttpJob.PrefilterBytesRead recorded 15 samples, mean = 28331.8 (flags = 0x1)
0       ------------------------------------------------------------------------O (5 = 33.3%)
1       ... 
115     ---O                                                                      (1 = 6.7%) {33.3%}
165     ... 
4246    ---O                                                                      (1 = 6.7%) {40.0%}
6089    ... 
12523   ------O                                                                   (2 = 13.3%) {46.7%}
17959   ---O                                                                      (1 = 6.7%) {60.0%}
25755   O                                                                         (0 = 0.0%) {66.7%}
36935   ---------O                                                                (3 = 20.0%) {66.7%}
52968   ---O                                                                      (1 = 6.7%) {86.7%}
75961   O                                                                         (0 = 0.0%) {93.3%}
108935  ---O                                                                      (1 = 6.7%) {93.3%}
156223  ... 

Histogram: Net.HttpJob.PrefilterBytesRead.Net recorded 15 samples, mean = 28331.8 (flags = 0x1)
0       ------------------------------------------------------------------------O (5 = 33.3%)
1       ... 
115     ---O                                                                      (1 = 6.7%) {33.3%}
165     ... 
4246    ---O                                                                      (1 = 6.7%) {40.0%}
6089    ... 
12523   ------O                                                                   (2 = 13.3%) {46.7%}
17959   ---O                                                                      (1 = 6.7%) {60.0%}
25755   O                                                                         (0 = 0.0%) {66.7%}
36935   ---------O                                                                (3 = 20.0%) {66.7%}
52968   ---O                                                                      (1 = 6.7%) {86.7%}
75961   O                                                                         (0 = 0.0%) {93.3%}
108935  ---O                                                                      (1 = 6.7%) {93.3%}
156223  ... 

Histogram: Net.HttpJob.TotalTime recorded 15 samples, mean = 55.0 (flags = 0x1)
0    ... 
24   --------------O                                                           (1 = 6.7%) {0.0%}
29   ------------------------------------------------------------------------O (5 = 33.3%) {6.7%}
34   -----------------------------O                                            (2 = 13.3%) {40.0%}
40   -----------------------------O                                            (2 = 13.3%) {53.3%}
48   --------------O                                                           (1 = 6.7%) {66.7%}
57   --------------O                                                           (1 = 6.7%) {73.3%}
68   O                                                                         (0 = 0.0%) {80.0%}
81   -----------------------------O                                            (2 = 13.3%) {80.0%}
96   ... 
160  --------------O                                                           (1 = 6.7%) {93.3%}
190  ... 

Histogram: Net.HttpJob.TotalTime.Secure.NotQuic recorded 5 samples, mean = 59.8 (flags = 0x1)
0   ... 
33  ------------------------------------O                                     (1 = 20.0%) {0.0%}
41  ------------------------------------------------------------------------O (2 = 40.0%) {20.0%}
50  ... 
75  ------------------------------------------------------------------------O (2 = 40.0%) {60.0%}
92  ... 

Histogram: Net.HttpJob.TotalTimeNotCached recorded 15 samples, mean = 55.0 (flags = 0x1)
0    ... 
24   --------------O                                                           (1 = 6.7%) {0.0%}
29   ------------------------------------------------------------------------O (5 = 33.3%) {6.7%}
34   -----------------------------O                                            (2 = 13.3%) {40.0%}
40   -----------------------------O                                            (2 = 13.3%) {53.3%}
48   --------------O                                                           (1 = 6.7%) {66.7%}
57   --------------O                                                           (1 = 6.7%) {73.3%}
68   O                                                                         (0 = 0.0%) {80.0%}
81   -----------------------------O                                            (2 = 13.3%) {80.0%}
96   ... 
160  --------------O                                                           (1 = 6.7%) {93.3%}
190  ... 

Histogram: Net.HttpJob.TotalTimeNotCached.Secure.NotQuic recorded 5 samples, mean = 59.8 (flags = 0x1)
0   ... 
33  ------------------------------------O                                     (1 = 20.0%) {0.0%}
41  ------------------------------------------------------------------------O (2 = 40.0%) {20.0%}
50  ... 
75  ------------------------------------------------------------------------O (2 = 40.0%) {60.0%}
92  ... 

Histogram: Net.HttpJob.TotalTimeSuccess recorded 15 samples, mean = 55.0 (flags = 0x1)
0    ... 
24   --------------O                                                           (1 = 6.7%) {0.0%}
29   ------------------------------------------------------------------------O (5 = 33.3%) {6.7%}
34   -----------------------------O                                            (2 = 13.3%) {40.0%}
40   -----------------------------O                                            (2 = 13.3%) {53.3%}
48   --------------O                                                           (1 = 6.7%) {66.7%}
57   --------------O                                                           (1 = 6.7%) {73.3%}
68   O                                                                         (0 = 0.0%) {80.0%}
81   -----------------------------O                                            (2 = 13.3%) {80.0%}
96   ... 
160  --------------O                                                           (1 = 6.7%) {93.3%}
190  ... 

Histogram: Net.HttpResponseCode recorded 18 samples, mean = 223.3 (flags = 0x1)
0    ... 
200  ------------------------------------------------------------------------O (11 = 61.1%) {0.0%}
201  ... 
204  --------------------O                                                     (3 = 16.7%) {61.1%}
205  ... 
302  --------------------------O                                               (4 = 22.2%) {77.8%}
303  ... 

Histogram: Net.HttpResponseCode_Nxx_MainFrame recorded 3 samples, mean = 2.7 (flags = 0x1)
0  ... 
2  ------------------------------------O                                     (1 = 33.3%) {0.0%}
3  ------------------------------------------------------------------------O (2 = 66.7%) {33.3%}
4  ... 

Histogram: Net.HttpResponseInfo.ConnectionInfo.MainFrame recorded 1 samples, mean = 4.0 (flags = 0x1)
0  ... 
4  ------------------------------------------------------------------------O (1 = 100.0%) {0.0%}
5  ... 

Histogram: Net.HttpResponseInfo.ConnectionInfo.SubResource recorded 12 samples, mean = 4.0 (flags = 0x1)
0  ... 
4  ------------------------------------------------------------------------O (12 = 100.0%) {0.0%}
5  ... 

Histogram: Net.HttpStreamFactoryJob.StreamReadyCallbackTime recorded 12 samples, mean = 0.0 (flags = 0x1)
0  ------------------------------------------------------------------------O (12 = 100.0%)
1  ... 

Histogram: Net.HttpTimeToFirstByte recorded 15 samples, mean = 47.2 (flags = 0x1)
0    ... 
18   ---------------------------------------------O                            (2 = 13.3%) {0.0%}
22   ------------------O                                                       (1 = 6.7%) {13.3%}
27   ------------------------------------------------------------------------O (4 = 26.7%) {20.0%}
33   ------------------------------------------------------O                   (3 = 20.0%) {46.7%}
41   O                                                                         (0 = 0.0%) {66.7%}
50   ------------------O                                                       (1 = 6.7%) {66.7%}
61   ------------------------------------O                                     (2 = 13.3%) {73.3%}
75   ------------------O                                                       (1 = 6.7%) {86.7%}
92   ... 
139  ------------------O                                                       (1 = 6.7%) {93.3%}
171  ... 

Histogram: Net.MainFrameNoStore recorded 3 samples, mean = 0.0 (flags = 0x1)
0  ------------------------------------------------------------------------O (3 = 100.0%)
1  ... 

Histogram: Net.OCSPResponseStapled recorded 3 samples, mean = 0.0 (flags = 0x1)
0  ------------------------------------------------------------------------O (3 = 100.0%)
1  ... 

Histogram: Net.PreconnectUtilization2 recorded 5 samples, mean = 2.0 (flags = 0x1)
0  ... 
2  ------------------------------------------------------------------------O (5 = 100.0%) {0.0%}
3  ... 

Histogram: Net.ProxyService.ResolveProxyTime recorded 15 samples, mean = 0.0 (flags = 0x1)
0  ------------------------------------------------------------------------O (15 = 100.0%)
1  ... 

Histogram: Net.ProxyService.ResolvedUsingScript recorded 15 samples, mean = 0.0 (flags = 0x1)
0  ------------------------------------------------------------------------O (15 = 100.0%)
1  ... 

Histogram: Net.PublicKeyPinSuccess recorded 5 samples, mean = 1.0 (flags = 0x1)
0  O                                                                         (0 = 0.0%)
1  ------------------------------------------------------------------------O (5 = 100.0%) {0.0%}
2  O                                                                         (0 = 0.0%) {100.0%}

Histogram: Net.QuicSession.CloseAllSessionsError recorded 1 samples (flags = 0x1)
3  ------------------------------------------------------------------------O (1 = 100.0%)

Histogram: Net.QuicSession.PreferAesGcm recorded 1 samples, mean = 1.0 (flags = 0x1)
0  O                                                                         (0 = 0.0%)
1  ------------------------------------------------------------------------O (1 = 100.0%) {0.0%}
2  O                                                                         (0 = 0.0%) {100.0%}

Histogram: Net.RequestTime2.Success recorded 1 samples, mean = 305.0 (flags = 0x1)
0    ... 
294  ------------------------------------------------------------------------O (1 = 100.0%) {0.0%}
398  ... 

Histogram: Net.ResourceLoader.ExpectedContentSizeResult recorded 13 samples, mean = 1.9 (flags = 0x1)
0  ------------------------------------------------------------------------O (8 = 61.5%)
1  ... 
5  ---------------------------------------------O                            (5 = 38.5%) {61.5%}
6  O                                                                         (0 = 0.0%) {100.0%}

Histogram: Net.ResourceLoader.InliningStatus recorded 13 samples, mean = 1.7 (flags = 0x1)
0  ----------------------------------------------------------O               (4 = 30.8%)
1  O                                                                         (0 = 0.0%) {30.8%}
2  ------------------------------------------------------------------------O (5 = 38.5%) {30.8%}
3  ----------------------------------------------------------O               (4 = 30.8%) {69.2%}
4  ... 

Histogram: Net.ResourceLoader.ReadDeferral recorded 1 samples, mean = 0.0 (flags = 0x1)
0  ------------------------------------------------------------------------O (1 = 100.0%)
1  ... 

Histogram: Net.ResourceLoader.ResponseStartToEnd.InliningApplicable recorded 4 samples, mean = 111.2 (flags = 0x1)
0    ... 
61   ------------------------------------O                                     (1 = 25.0%) {0.0%}
68   ... 
113  ------------------------------------O                                     (1 = 25.0%) {25.0%}
125  ------------------------------------------------------------------------O (2 = 50.0%) {50.0%}
139  ... 

Histogram: Net.ResourceLoader.ResponseStartToEnd.LT_2kB recorded 4 samples, mean = 111.2 (flags = 0x1)
0    ... 
61   ------------------------------------O                                     (1 = 25.0%) {0.0%}
68   ... 
113  ------------------------------------O                                     (1 = 25.0%) {25.0%}
125  ------------------------------------------------------------------------O (2 = 50.0%) {50.0%}
139  ... 

Histogram: Net.ResourceLoader.ResponseStartToEnd.LT_32kB recorded 4 samples, mean = 5812.0 (flags = 0x1)
0      ... 
1243   ------------------------------------------------------------------------O (1 = 25.0%) {0.0%}
1380   ... 
2583   ------------------------------------------------------------------------O (1 = 25.0%) {25.0%}
2867   ------------------------------------------------------------------------O (1 = 25.0%) {50.0%}
3183   ... 
15253  ------------------------------------------------------------------------O (1 = 25.0%) {75.0%}
16933  ... 

Histogram: Net.ResourceLoader.ResponseStartToEnd.LT_512kB recorded 5 samples, mean = 18787.6 (flags = 0x1)
0      ... 
4835   ------------------------------------O                                     (1 = 20.0%) {0.0%}
5367   ... 
16933  ------------------------------------O                                     (1 = 20.0%) {20.0%}
18798  ------------------------------------------------------------------------O (2 = 40.0%) {40.0%}
20868  ... 
28549  ------------------------------------O                                     (1 = 20.0%) {80.0%}
31693  ... 

Histogram: Net.SSLCertVerificationTime recorded 3 samples, mean = 6.7 (flags = 0x1)
0   O                                                                         (0 = 0.0%)
1   ------------------------------------------------------------------------O (1 = 33.3%) {0.0%}
2   ------------------------------------------------------------------------O (1 = 33.3%) {33.3%}
3   ... 
17  ------------------------O                                                 (1 = 33.3%) {66.7%}
20  ... 

Histogram: Net.SSLNegotiatedAlpnProtocol recorded 3 samples, mean = 2.0 (flags = 0x1)
0  ... 
2  ------------------------------------------------------------------------O (3 = 100.0%) {0.0%}
3  ... 

Histogram: Net.SSLSignatureAlgorithm recorded 3 samples (flags = 0x1)
1027  ------------------------------------------------------------------------O (2 = 66.7%)
2052  ------------------------------------O                                     (1 = 33.3%)

Histogram: Net.SSLVersion recorded 3 samples, mean = 5.0 (flags = 0x1)
0  ... 
5  ------------------------------------------------------------------------O (3 = 100.0%) {0.0%}
6  ... 

Histogram: Net.SSL_CipherSuite recorded 3 samples (flags = 0x1)
49195  ------------------------------------------------------------------------O (2 = 66.7%)
49199  ------------------------------------O                                     (1 = 33.3%)

Histogram: Net.SSL_Connection_Error recorded 3 samples (flags = 0x1)
0  ------------------------------------------------------------------------O (3 = 100.0%)

Histogram: Net.SSL_Connection_Error_Google recorded 1 samples (flags = 0x1)
0  ------------------------------------------------------------------------O (1 = 100.0%)

Histogram: Net.SSL_Connection_Latency_2 recorded 3 samples, mean = 29.3 (flags = 0x1)
0   ... 
21  ------------------------------------------------------------------------O (1 = 33.3%) {0.0%}
23  ------------------------------------------------------------------------O (1 = 33.3%) {33.3%}
25  ... 
42  ------------------------------------O                                     (1 = 33.3%) {66.7%}
46  ... 

Histogram: Net.SSL_Connection_Latency_Full_Handshake recorded 3 samples, mean = 29.3 (flags = 0x1)
0   ... 
21  ------------------------------------------------------------------------O (1 = 33.3%) {0.0%}
23  ------------------------------------------------------------------------O (1 = 33.3%) {33.3%}
25  ... 
42  ------------------------------------O                                     (1 = 33.3%) {66.7%}
46  ... 

Histogram: Net.SSL_Connection_Latency_Google2 recorded 1 samples, mean = 22.0 (flags = 0x1)
0   ... 
21  ------------------------------------------------------------------------O (1 = 100.0%) {0.0%}
23  ... 

Histogram: Net.SSL_Connection_Latency_Google_Full_Handshake recorded 1 samples, mean = 22.0 (flags = 0x1)
0   ... 
21  ------------------------------------------------------------------------O (1 = 100.0%) {0.0%}
23  ... 

Histogram: Net.SSL_KeyExchange.ECDHE recorded 3 samples (flags = 0x1)
29  ------------------------------------------------------------------------O (3 = 100.0%)

Histogram: Net.Socket.IdleSocketFate recorded 8 samples, mean = 3.2 (flags = 0x1)
0  ... 
3  ------------------------------------------------------------------------O (6 = 75.0%) {0.0%}
4  ------------------------O                                                 (2 = 25.0%) {75.0%}
5  ... 

Histogram: Net.SpdyHeadersCompressionPercentage recorded 13 samples, mean = 70.9 (flags = 0x1)
0   ... 
41  ------------------------------------O                                     (1 = 7.7%) {0.0%}
42  ... 
50  ------------------------------------O                                     (1 = 7.7%) {7.7%}
51  O                                                                         (0 = 0.0%) {15.4%}
52  ------------------------------------O                                     (1 = 7.7%) {15.4%}
53  ... 
61  ------------------------------------O                                     (1 = 7.7%) {23.1%}
62  ... 
65  ------------------------------------O                                     (1 = 7.7%) {30.8%}
66  ... 
69  ------------------------------------O                                     (1 = 7.7%) {38.5%}
70  ... 
73  ------------------------------------O                                     (1 = 7.7%) {46.2%}
74  ... 
78  ------------------------------------------------------------------------O (2 = 15.4%) {53.8%}
79  ... 
83  ------------------------------------O                                     (1 = 7.7%) {69.2%}
84  ... 
88  ------------------------------------O                                     (1 = 7.7%) {76.9%}
89  O                                                                         (0 = 0.0%) {84.6%}
90  ------------------------------------O                                     (1 = 7.7%) {84.6%}
91  ... 
94  ------------------------------------O                                     (1 = 7.7%) {92.3%}
95  ... 

Histogram: Net.SpdyIPPoolDomainMatch recorded 2 samples, mean = 1.0 (flags = 0x1)
0  O                                                                         (0 = 0.0%)
1  ------------------------------------------------------------------------O (2 = 100.0%) {0.0%}
2  O                                                                         (0 = 0.0%) {100.0%}

Histogram: Net.SpdyRecvBytes recorded 13 samples, mean = 32690.5 (flags = 0x1)
0       ------------------------------------------------------------------------O (3 = 23.1%)
1       ... 
149     -----O                                                                    (1 = 7.7%) {23.1%}
196     ... 
4053    -----O                                                                    (1 = 7.7%) {30.8%}
5338    ... 
12196   -----O                                                                    (1 = 7.7%) {38.5%}
16063   -----O                                                                    (1 = 7.7%) {46.2%}
21156   -----O                                                                    (1 = 7.7%) {53.8%}
27864   O                                                                         (0 = 0.0%) {61.5%}
36699   --------------O                                                           (3 = 23.1%) {61.5%}
48336   O                                                                         (0 = 0.0%) {84.6%}
63662   -----O                                                                    (1 = 7.7%) {84.6%}
83848   ... 
145450  -----O                                                                    (1 = 7.7%) {92.3%}
191569  ... 

Histogram: Net.SpdySendBytes recorded 13 samples, mean = 0.0 (flags = 0x1)
0  ------------------------------------------------------------------------O (13 = 100.0%)
1  ... 

Histogram: Net.SpdySession.ClosedOnError recorded 3 samples (flags = 0x1)
3  ------------------------------------------------------------------------O (3 = 100.0%)

Histogram: Net.SpdySession.CreateStreamWithSocketConnected recorded 13 samples, mean = 1.0 (flags = 0x1)
0  O                                                                         (0 = 0.0%)
1  ------------------------------------------------------------------------O (13 = 100.0%) {0.0%}
2  O                                                                         (0 = 0.0%) {100.0%}

Histogram: Net.SpdySession.PushedAndUnclaimedBytes recorded 3 samples, mean = 0.0 (flags = 0x1)
0  ------------------------------------------------------------------------O (3 = 100.0%)
1  ... 

Histogram: Net.SpdySession.PushedBytes recorded 3 samples, mean = 0.0 (flags = 0x1)
0  ------------------------------------------------------------------------O (3 = 100.0%)
1  ... 

Histogram: Net.SpdySessionGet recorded 16 samples, mean = 1.5 (flags = 0x1)
0  O                                                                         (0 = 0.0%)
1  ------------------------------------------------------------------------O (11 = 68.8%) {0.0%}
2  -------------O                                                            (2 = 12.5%) {68.8%}
3  --------------------O                                                     (3 = 18.8%) {81.2%}
4  O                                                                         (0 = 0.0%) {100.0%}

Histogram: Net.SpdyStreamDownloadTime recorded 13 samples, mean = 8.8 (flags = 0x1)
0   ------------------------------------------------------------------------O (4 = 30.8%)
1   ------------------O                                                       (1 = 7.7%) {30.8%}
2   ------------------O                                                       (1 = 7.7%) {38.5%}
3   ------------------O                                                       (1 = 7.7%) {46.2%}
4   O                                                                         (0 = 0.0%) {53.8%}
5   ------------------O                                                       (1 = 7.7%) {53.8%}
6   ... 
14  ------O                                                                   (1 = 7.7%) {61.5%}
17  ------------O                                                             (2 = 15.4%) {69.2%}
20  -----O                                                                    (1 = 7.7%) {84.6%}
24  O                                                                         (0 = 0.0%) {92.3%}
29  ----O                                                                     (1 = 7.7%) {92.3%}
34  ... 

Histogram: Net.SpdyStreamTime recorded 13 samples, mean = 40.5 (flags = 0x1)
0    ... 
20   -----------------------O                                                  (1 = 7.7%) {0.0%}
24   ------------------O                                                       (1 = 7.7%) {7.7%}
29   ------------------------------------------------------------------------O (4 = 30.8%) {15.4%}
34   ------------------------------------------------------------------------O (4 = 30.8%) {46.2%}
40   ------------------------------------O                                     (2 = 15.4%) {76.9%}
48   ... 
114  ------------------O                                                       (1 = 7.7%) {92.3%}
135  ... 

Histogram: Net.SpdyStreamTimeToFirstByte recorded 13 samples, mean = 31.3 (flags = 0x1)
0   ... 
17  ------------------------------------------------------------------------O (4 = 30.8%) {0.0%}
20  O                                                                         (0 = 0.0%) {30.8%}
24  ----------------------O                                                   (2 = 15.4%) {30.8%}
29  -------------------------------------------O                              (4 = 30.8%) {46.2%}
34  -----------O                                                              (1 = 7.7%) {76.9%}
40  -----------O                                                              (1 = 7.7%) {84.6%}
48  ... 
81  -----------O                                                              (1 = 7.7%) {92.3%}
96  ... 

Histogram: Net.SpdyStreamsAbandonedPerSession recorded 3 samples, mean = 0.0 (flags = 0x1)
0  ------------------------------------------------------------------------O (3 = 100.0%)
1  ... 

Histogram: Net.SpdyStreamsPerSession recorded 3 samples, mean = 4.3 (flags = 0x1)
0  ... 
2  ------------------------------------------------------------------------O (1 = 33.3%) {0.0%}
3  ------------------------------------------------------------------------O (1 = 33.3%) {33.3%}
4  ... 
8  ------------------------------------------------------------------------O (1 = 33.3%) {66.7%}
9  ... 

Histogram: Net.SpdyStreamsPushedAndClaimedPerSession recorded 3 samples, mean = 0.0 (flags = 0x1)
0  ------------------------------------------------------------------------O (3 = 100.0%)
1  ... 

Histogram: Net.SpdyStreamsPushedPerSession recorded 3 samples, mean = 0.0 (flags = 0x1)
0  ------------------------------------------------------------------------O (3 = 100.0%)
1  ... 

Histogram: Net.TCP_Connection_Latency recorded 5 samples, mean = 15.4 (flags = 0x1)
0   ... 
14  ------------------------------------------------------------------------O (3 = 60.0%) {0.0%}
16  ------------------------O                                                 (1 = 20.0%) {60.0%}
18  ------------------------O                                                 (1 = 20.0%) {80.0%}
20  ... 

Histogram: Net.TCP_Connection_Latency_IPv4_No_Race recorded 5 samples, mean = 15.4 (flags = 0x1)
0   ... 
14  ------------------------------------------------------------------------O (3 = 60.0%) {0.0%}
16  ------------------------O                                                 (1 = 20.0%) {60.0%}
18  ------------------------O                                                 (1 = 20.0%) {80.0%}
20  ... 

Histogram: Net.TokenBinding.Support recorded 13 samples, mean = 0.0 (flags = 0x1)
0  ------------------------------------------------------------------------O (13 = 100.0%)
1  ... 

Histogram: Net.URLRequest.ReferrerPolicyHeaderPresentOnRedirect recorded 2 samples, mean = 0.5 (flags = 0x1)
0  ------------------------------------------------------------------------O (1 = 50.0%)
1  ------------------------------------------------------------------------O (1 = 50.0%) {50.0%}
2  O                                                                         (0 = 0.0%) {100.0%}

Histogram: OSX.SystemHotkeyMap.LoadSuccess recorded 1 samples, mean = 1.0 (flags = 0x1)
0  O                                                                         (0 = 0.0%)
1  ------------------------------------------------------------------------O (1 = 100.0%) {0.0%}
2  O                                                                         (0 = 0.0%) {100.0%}

Histogram: PluginFinder.BuiltInPluginList.ErrorCode recorded 1 samples, mean = 0.0 (flags = 0x1)
0  ------------------------------------------------------------------------O (1 = 100.0%)
1  ... 

Histogram: Renderer4.renderPassCount recorded 66 samples, mean = 1.0 (flags = 0x1)
0  O                                                                         (0 = 0.0%)
1  ------------------------------------------------------------------------O (66 = 100.0%) {0.0%}
2  ... 

Histogram: Scheduling.Browser.ActivateDuration recorded 1 samples, mean = 5.0 (flags = 0x1)
0  ... 
5  ------------------------------------------------------------------------O (1 = 100.0%) {0.0%}
6  ... 

Histogram: Scheduling.Browser.ActivateDuration2 recorded 1 samples, mean = 5.0 (flags = 0x1)
0  ... 
4  ------------------------------------------------------------------------O (1 = 100.0%) {0.0%}
8  ... 

Histogram: Scheduling.Browser.BeginMainFrameQueueDurationCritical recorded 1 samples, mean = 67.0 (flags = 0x1)
0   ... 
63  ------------------------------------------------------------------------O (1 = 100.0%) {0.0%}
70  ... 

Histogram: Scheduling.Browser.BeginMainFrameQueueDurationCritical2 recorded 1 samples, mean = 67.0 (flags = 0x1)
0   ... 
64  ------------------------------------------------------------------------O (1 = 100.0%) {0.0%}
87  ... 

Histogram: Scheduling.Browser.BeginMainFrameStartToCommitDuration recorded 1 samples, mean = 122.0 (flags = 0x1)
0    ... 
122  ------------------------------------------------------------------------O (1 = 100.0%) {0.0%}
136  ... 

Histogram: Scheduling.Browser.BeginMainFrameStartToCommitDuration2 recorded 1 samples, mean = 122.0 (flags = 0x1)
0    ... 
108  ------------------------------------------------------------------------O (1 = 100.0%) {0.0%}
136  ... 

Histogram: Scheduling.Browser.CommitToReadyToActivateDuration recorded 1 samples, mean = 111.0 (flags = 0x1)
0    ... 
109  ------------------------------------------------------------------------O (1 = 100.0%) {0.0%}
122  ... 

Histogram: Scheduling.Browser.CommitToReadyToActivateDuration2 recorded 1 samples, mean = 111.0 (flags = 0x1)
0    ... 
108  ------------------------------------------------------------------------O (1 = 100.0%) {0.0%}
136  ... 

Histogram: Scheduling.Browser.DrawDuration recorded 1 samples, mean = 48.0 (flags = 0x1)
0   ... 
45  ------------------------------------------------------------------------O (1 = 100.0%) {0.0%}
50  ... 

Histogram: Scheduling.Browser.DrawDuration2 recorded 1 samples, mean = 48.0 (flags = 0x1)
0   ... 
32  ------------------------------------------------------------------------O (1 = 100.0%) {0.0%}
64  ... 

Histogram: Scheduling.Browser.MainAndImplFrameTimeDelta recorded 1 samples, mean = 0.0 (flags = 0x1)
0  ------------------------------------------------------------------------O (1 = 100.0%)
1  ... 

Histogram: Scheduling.Browser.MainAndImplFrameTimeDelta2 recorded 1 samples, mean = 0.0 (flags = 0x1)
0  ------------------------------------------------------------------------O (1 = 100.0%)
1  ... 

Histogram: Scheduling.Browser.PrepareTilesDuration recorded 1 samples, mean = 26.0 (flags = 0x1)
0   ... 
26  ------------------------------------------------------------------------O (1 = 100.0%) {0.0%}
29  ... 

Histogram: Scheduling.Browser.PrepareTilesDuration2 recorded 1 samples, mean = 26.0 (flags = 0x1)
0   ... 
16  ------------------------------------------------------------------------O (1 = 100.0%) {0.0%}
32  ... 

Histogram: Scheduling.Browser.SwapAckWasFast recorded 1 samples, mean = 1.0 (flags = 0x1)
0  O                                                                         (0 = 0.0%)
1  ------------------------------------------------------------------------O (1 = 100.0%) {0.0%}
2  O                                                                         (0 = 0.0%) {100.0%}

Histogram: Scheduling.Browser.SwapToAckLatency recorded 1 samples, mean = 7452.0 (flags = 0x1)
0     ... 
6901  ------------------------------------------------------------------------O (1 = 100.0%) {0.0%}
7721  ... 

Histogram: Scheduling.Browser.SwapToAckLatency2 recorded 1 samples, mean = 7452.0 (flags = 0x1)
0     ... 
6019  ------------------------------------------------------------------------O (1 = 100.0%) {0.0%}
7523  ... 

Histogram: ServiceWorkerCache.BackgroundSyncManager.Scheduler.IsOperationSlow recorded 1 samples, mean = 0.0 (flags = 0x1)
0  ------------------------------------------------------------------------O (1 = 100.0%)
1  ... 

Histogram: ServiceWorkerCache.BackgroundSyncManager.Scheduler.OperationDuration recorded 1 samples, mean = 51.0 (flags = 0x1)
0   ... 
48  ------------------------------------------------------------------------O (1 = 100.0%) {0.0%}
57  ... 

Histogram: ServiceWorkerCache.BackgroundSyncManager.Scheduler.QueueDuration recorded 1 samples, mean = 0.0 (flags = 0x1)
0  ------------------------------------------------------------------------O (1 = 100.0%)
1  ... 

Histogram: ServiceWorkerCache.BackgroundSyncManager.Scheduler.QueueLength recorded 1 samples, mean = 0.0 (flags = 0x1)
0  ------------------------------------------------------------------------O (1 = 100.0%)
1  ... 

Histogram: SessionRestore.FrameUniqueNameLength recorded 1 samples, mean = 0.0 (flags = 0x1)
0  ------------------------------------------------------------------------O (1 = 100.0%)
1  ... 

Histogram: Startup.BrowserMainRunnerImplInitializeLongTime recorded 1 samples, mean = 30.0 (flags = 0x1)
0   ... 
28  ------------------------------------------------------------------------O (1 = 100.0%) {0.0%}
32  ... 

Histogram: Startup.BrowserMainRunnerImplInitializeStep1Time recorded 1 samples, mean = 20.0 (flags = 0x1)
0   ... 
20  ------------------------------------------------------------------------O (1 = 100.0%) {0.0%}
24  ... 

Histogram: Startup.BrowserMainRunnerImplInitializeStep2Time recorded 1 samples, mean = 10.0 (flags = 0x1)
0   ... 
10  ------------------------------------------------------------------------O (1 = 100.0%) {0.0%}
12  ... 

Histogram: Storage.Blob.MaxDiskSpace recorded 1 samples, mean = 0.0 (flags = 0x1)
0  ------------------------------------------------------------------------O (1 = 100.0%)
1  ... 

Histogram: TaskScheduler.DetachDuration.BackgroundBlockingPool recorded 0 samples (flags = 0x1)
0 ... 

Histogram: TaskScheduler.DetachDuration.BackgroundPool recorded 0 samples (flags = 0x1)
0 ... 

Histogram: TaskScheduler.DetachDuration.ForegroundBlockingPool recorded 0 samples (flags = 0x1)
0 ... 

Histogram: TaskScheduler.DetachDuration.ForegroundPool recorded 0 samples (flags = 0x1)
0 ... 

Histogram: TaskScheduler.NumTasksBeforeDetach.BackgroundBlockingPool recorded 0 samples (flags = 0x1)
0 ... 

Histogram: TaskScheduler.NumTasksBeforeDetach.BackgroundPool recorded 0 samples (flags = 0x1)
0 ... 

Histogram: TaskScheduler.NumTasksBeforeDetach.ForegroundBlockingPool recorded 0 samples (flags = 0x1)
0 ... 

Histogram: TaskScheduler.NumTasksBeforeDetach.ForegroundPool recorded 0 samples (flags = 0x1)
0 ... 

Histogram: TaskScheduler.NumTasksBetweenWaits.BackgroundBlockingPool recorded 0 samples (flags = 0x1)
0 ... 

Histogram: TaskScheduler.NumTasksBetweenWaits.BackgroundPool recorded 0 samples (flags = 0x1)
0 ... 

Histogram: TaskScheduler.NumTasksBetweenWaits.ForegroundBlockingPool recorded 0 samples (flags = 0x1)
0 ... 

Histogram: TaskScheduler.NumTasksBetweenWaits.ForegroundPool recorded 0 samples (flags = 0x1)
0 ... 

Histogram: TaskScheduler.TaskLatency.BackgroundTaskPriority recorded 0 samples (flags = 0x1)
0 ... 

Histogram: TaskScheduler.TaskLatency.BackgroundTaskPriority.MayBlock recorded 0 samples (flags = 0x1)
0 ... 

Histogram: TaskScheduler.TaskLatency.UserBlockingTaskPriority recorded 0 samples (flags = 0x1)
0 ... 

Histogram: TaskScheduler.TaskLatency.UserBlockingTaskPriority.MayBlock recorded 0 samples (flags = 0x1)
0 ... 

Histogram: TaskScheduler.TaskLatency.UserVisibleTaskPriority recorded 0 samples (flags = 0x1)
0 ... 

Histogram: TaskScheduler.TaskLatency.UserVisibleTaskPriority.MayBlock recorded 0 samples (flags = 0x1)
0 ... 

Histogram: TileManager.ExceededMemoryBudget recorded 1 samples, mean = 0.0 (flags = 0x1)
0  ------------------------------------------------------------------------O (1 = 100.0%)
1  ... 

Histogram: TrackedObjects.GetRetiredOrCreateThreadData recorded 26 samples, mean = 0.0 (flags = 0x1)
0  ------------------------------------------------------------------------O (26 = 100.0%)
1  ... 

Histogram: UMA.Histograms.Activity recorded 851 samples, mean = 4.1 (flags = 0x1)
0  O                                                                         (1 = 0.1%)
1  ------------------------------------------------------------------------O (270 = 31.7%) {0.1%}
2  -----------O                                                              (40 = 4.7%) {31.8%}
3  ------------------------------------------O                               (156 = 18.3%) {36.5%}
4  ----------------O                                                         (60 = 7.1%) {54.9%}
5  --------O                                                                 (31 = 3.6%) {61.9%}
6  ---O                                                                      (13 = 1.5%) {65.6%}
7  ---O                                                                      (10 = 1.2%) {67.1%}
8  ------------------------------------------------------------------------O (270 = 31.7%) {68.3%}
9  ... 

Histogram: V8.Initializer.LoadV8Snapshot.Result recorded 1 samples, mean = 0.0 (flags = 0x1)
0  ------------------------------------------------------------------------O (1 = 100.0%)
1  ... 

Histogram: V8.Initializer.OpenV8File.Result recorded 2 samples, mean = 0.0 (flags = 0x1)
0  ------------------------------------------------------------------------O (2 = 100.0%)
1  ... 

Histogram: appcache.CompletionQueueTime recorded 1 samples, mean = 0.0 (flags = 0x1)
0  ------------------------------------------------------------------------O (1 = 100.0%)
1  ... 

Histogram: appcache.CompletionRunTime recorded 1 samples, mean = 0.0 (flags = 0x1)
0  ------------------------------------------------------------------------O (1 = 100.0%)
1  ... 

Histogram: appcache.JobStartDelay.Network recorded 3 samples, mean = 0.0 (flags = 0x1)
0  ------------------------------------------------------------------------O (3 = 100.0%)
1  ... 

Histogram: appcache.TaskQueueTime recorded 1 samples, mean = 0.0 (flags = 0x1)
0  ------------------------------------------------------------------------O (1 = 100.0%)
1  ... 

Histogram: appcache.TaskRunTime recorded 1 samples, mean = 0.0 (flags = 0x1)
0  ------------------------------------------------------------------------O (1 = 100.0%)
1  ... 

Histogram: interstitial.ssl.good_cert_seen recorded 13 samples, mean = 0.0 (flags = 0x1)
0  ------------------------------------------------------------------------O (13 = 100.0%)
1  ... 


